# Logfile created on 2014-02-14 16:24:26 -0500 by logger.rb/44203
I, [2014-02-14T16:24:26.877435 #8905]  INFO -- : 0:  rake (10.1.0) from /Users/javasauce/.rvm/rubies/ruby-2.1.0/lib/ruby/gems/2.1.0/specifications/default/rake-10.1.0.gemspec
I, [2014-02-14T16:24:28.662831 #8905]  INFO -- : 0:  i18n (0.6.4) from /Users/javasauce/.rvm/gems/ruby-2.1.0/specifications/i18n-0.6.4.gemspec
I, [2014-02-14T16:24:28.663178 #8905]  INFO -- : 0:  minitest (4.7.5) from /Users/javasauce/.rvm/rubies/ruby-2.1.0/lib/ruby/gems/2.1.0/specifications/default/minitest-4.7.5.gemspec
I, [2014-02-14T16:24:31.561061 #8905]  INFO -- : 0:  multi_json (1.7.9) from /Users/javasauce/.rvm/gems/ruby-2.1.0/specifications/multi_json-1.7.9.gemspec
I, [2014-02-14T16:24:33.037085 #8905]  INFO -- : 0:  atomic (1.1.12) from /Users/javasauce/.rvm/gems/ruby-2.1.0/specifications/atomic-1.1.12.gemspec
I, [2014-02-14T16:24:34.155181 #8905]  INFO -- : 0:  thread_safe (0.1.2) from /Users/javasauce/.rvm/gems/ruby-2.1.0/specifications/thread_safe-0.1.2.gemspec
I, [2014-02-14T16:24:37.926483 #8905]  INFO -- : 0:  tzinfo (0.3.37) from /Users/javasauce/.rvm/gems/ruby-2.1.0/specifications/tzinfo-0.3.37.gemspec
I, [2014-02-14T16:24:39.066103 #8905]  INFO -- : 0:  activesupport (4.0.0) from /Users/javasauce/.rvm/gems/ruby-2.1.0/specifications/activesupport-4.0.0.gemspec
I, [2014-02-14T16:24:39.788819 #8905]  INFO -- : 0:  builder (3.1.4) from /Users/javasauce/.rvm/gems/ruby-2.1.0/specifications/builder-3.1.4.gemspec
I, [2014-02-14T16:24:40.917507 #8905]  INFO -- : 0:  erubis (2.7.0) from /Users/javasauce/.rvm/gems/ruby-2.1.0/specifications/erubis-2.7.0.gemspec
I, [2014-02-14T16:24:42.689612 #8905]  INFO -- : 0:  rack (1.5.2) from /Users/javasauce/.rvm/gems/ruby-2.1.0/specifications/rack-1.5.2.gemspec
I, [2014-02-14T16:24:43.475107 #8905]  INFO -- : 0:  rack-test (0.6.2) from /Users/javasauce/.rvm/gems/ruby-2.1.0/specifications/rack-test-0.6.2.gemspec
I, [2014-02-14T16:24:44.929443 #8905]  INFO -- : 0:  actionpack (4.0.0) from /Users/javasauce/.rvm/gems/ruby-2.1.0/specifications/actionpack-4.0.0.gemspec
I, [2014-02-14T16:24:46.357594 #8905]  INFO -- : 0:  mime-types (1.23) from /Users/javasauce/.rvm/gems/ruby-2.1.0/specifications/mime-types-1.23.gemspec
I, [2014-02-14T16:24:47.214076 #8905]  INFO -- : 0:  polyglot (0.3.3) from /Users/javasauce/.rvm/gems/ruby-2.1.0/specifications/polyglot-0.3.3.gemspec
I, [2014-02-14T16:24:48.766022 #8905]  INFO -- : 0:  treetop (1.4.14) from /Users/javasauce/.rvm/gems/ruby-2.1.0/specifications/treetop-1.4.14.gemspec
I, [2014-02-14T16:24:51.106179 #8905]  INFO -- : 0:  mail (2.5.4) from /Users/javasauce/.rvm/gems/ruby-2.1.0/specifications/mail-2.5.4.gemspec
I, [2014-02-14T16:24:51.957092 #8905]  INFO -- : 0:  actionmailer (4.0.0) from /Users/javasauce/.rvm/gems/ruby-2.1.0/specifications/actionmailer-4.0.0.gemspec
I, [2014-02-14T16:24:52.820960 #8905]  INFO -- : 0:  activemodel (4.0.0) from /Users/javasauce/.rvm/gems/ruby-2.1.0/specifications/activemodel-4.0.0.gemspec
I, [2014-02-14T16:24:53.620231 #8905]  INFO -- : 0:  activerecord-deprecated_finders (1.0.3) from /Users/javasauce/.rvm/gems/ruby-2.1.0/specifications/activerecord-deprecated_finders-1.0.3.gemspec
I, [2014-02-14T16:24:54.928824 #8905]  INFO -- : 0:  arel (4.0.0) from /Users/javasauce/.rvm/gems/ruby-2.1.0/specifications/arel-4.0.0.gemspec
I, [2014-02-14T16:24:56.175210 #8905]  INFO -- : 0:  activerecord (4.0.0) from /Users/javasauce/.rvm/gems/ruby-2.1.0/specifications/activerecord-4.0.0.gemspec
I, [2014-02-14T16:24:57.716644 #8905]  INFO -- : 0:  bcrypt-ruby (3.0.1) from /Users/javasauce/.rvm/gems/ruby-2.1.0/specifications/bcrypt-ruby-3.0.1.gemspec
I, [2014-02-14T16:24:58.617078 #8905]  INFO -- : 0:  coffee-script-source (1.6.3) from /Users/javasauce/.rvm/gems/ruby-2.1.0/specifications/coffee-script-source-1.6.3.gemspec
I, [2014-02-14T16:24:59.544119 #8905]  INFO -- : 0:  execjs (1.4.0) from /Users/javasauce/.rvm/gems/ruby-2.1.0/specifications/execjs-1.4.0.gemspec
I, [2014-02-14T16:25:00.261278 #8905]  INFO -- : 0:  coffee-script (2.2.0) from /Users/javasauce/.rvm/gems/ruby-2.1.0/specifications/coffee-script-2.2.0.gemspec
I, [2014-02-14T16:25:02.210214 #8905]  INFO -- : 0:  thor (0.18.1) from /Users/javasauce/.rvm/gems/ruby-2.1.0/specifications/thor-0.18.1.gemspec
I, [2014-02-14T16:25:03.302031 #8905]  INFO -- : 0:  railties (4.0.0) from /Users/javasauce/.rvm/gems/ruby-2.1.0/specifications/railties-4.0.0.gemspec
I, [2014-02-14T16:25:04.263643 #8905]  INFO -- : 0:  coffee-rails (4.0.0) from /Users/javasauce/.rvm/gems/ruby-2.1.0/specifications/coffee-rails-4.0.0.gemspec
I, [2014-02-14T16:25:05.425489 #8905]  INFO -- : 0:  hike (1.2.3) from /Users/javasauce/.rvm/gems/ruby-2.1.0/specifications/hike-1.2.3.gemspec
I, [2014-02-14T16:25:06.597200 #8905]  INFO -- : 0:  jbuilder (1.5.0) from /Users/javasauce/.rvm/gems/ruby-2.1.0/specifications/jbuilder-1.5.0.gemspec
I, [2014-02-14T16:25:07.758141 #8905]  INFO -- : 0:  jquery-rails (3.0.4) from /Users/javasauce/.rvm/gems/ruby-2.1.0/specifications/jquery-rails-3.0.4.gemspec
I, [2014-02-14T16:25:10.117543 #8905]  INFO -- : 0:  json (1.8.0) from /Users/javasauce/.rvm/gems/ruby-2.1.0/specifications/json-1.8.0.gemspec
I, [2014-02-14T16:25:10.118027 #8905]  INFO -- : 0:  bundler (1.5.1) from /Users/javasauce/.rvm/gems/ruby-2.1.0@global/specifications/bundler-1.5.1.gemspec
I, [2014-02-14T16:25:12.339925 #8905]  INFO -- : 0:  tilt (1.4.1) from /Users/javasauce/.rvm/gems/ruby-2.1.0/specifications/tilt-1.4.1.gemspec
I, [2014-02-14T16:25:13.680962 #8905]  INFO -- : 0:  sprockets (2.10.0) from /Users/javasauce/.rvm/gems/ruby-2.1.0/specifications/sprockets-2.10.0.gemspec
I, [2014-02-14T16:25:14.694582 #8905]  INFO -- : 0:  sprockets-rails (2.0.0) from /Users/javasauce/.rvm/gems/ruby-2.1.0/specifications/sprockets-rails-2.0.0.gemspec
I, [2014-02-14T16:25:18.130833 #8905]  INFO -- : 0:  rails (4.0.0) from /Users/javasauce/.rvm/gems/ruby-2.1.0/specifications/rails-4.0.0.gemspec
I, [2014-02-14T16:25:21.796749 #8905]  INFO -- : 0:  rdoc (3.12.2) from /Users/javasauce/.rvm/gems/ruby-2.1.0/specifications/rdoc-3.12.2.gemspec
I, [2014-02-14T16:25:23.547784 #8905]  INFO -- : 0:  sass (3.2.10) from /Users/javasauce/.rvm/gems/ruby-2.1.0/specifications/sass-3.2.10.gemspec
I, [2014-02-14T16:25:24.999171 #8905]  INFO -- : 0:  sass-rails (4.0.0) from /Users/javasauce/.rvm/gems/ruby-2.1.0/specifications/sass-rails-4.0.0.gemspec
I, [2014-02-14T16:25:26.251411 #8905]  INFO -- : 0:  sdoc (0.3.20) from /Users/javasauce/.rvm/gems/ruby-2.1.0/specifications/sdoc-0.3.20.gemspec
I, [2014-02-14T16:25:28.659940 #8905]  INFO -- : 0:  sqlite3 (1.3.7) from /Users/javasauce/.rvm/gems/ruby-2.1.0/specifications/sqlite3-1.3.7.gemspec
I, [2014-02-14T16:25:29.548019 #8905]  INFO -- : 0:  turbolinks (1.3.0) from /Users/javasauce/.rvm/gems/ruby-2.1.0/specifications/turbolinks-1.3.0.gemspec
I, [2014-02-14T16:25:30.459929 #8905]  INFO -- : 0:  uglifier (2.1.2) from /Users/javasauce/.rvm/gems/ruby-2.1.0/specifications/uglifier-2.1.2.gemspec
